{"__type":"$$EventMessageWorkflow","id":"1f52e5fc-ebff-45df-96a3-026e8dea4dcf","ts":"2025-02-17T14:56:16.231+00:00","eventName":"n8n.workflow.started","message":"n8n.workflow.started","payload":{"executionId":"4","workflowId":"dajKtY8whsOFvcPI","isManual":false,"workflowName":"My workflow"}}
{"__type":"$$EventMessageConfirm","confirm":"1f52e5fc-ebff-45df-96a3-026e8dea4dcf","ts":"2025-02-17T14:56:16.232+00:00","source":{"id":"0","name":"eventBus"}}
{"__type":"$$EventMessageNode","id":"de3cab3c-7acc-4ed0-8cc4-b038d7f1c893","ts":"2025-02-17T14:56:16.235+00:00","eventName":"n8n.node.started","message":"n8n.node.started","payload":{"workflowId":"dajKtY8whsOFvcPI","workflowName":"My workflow","executionId":"4","nodeType":"n8n-nodes-base.localFileTrigger","nodeName":"Local File Trigger"}}
{"__type":"$$EventMessageConfirm","confirm":"de3cab3c-7acc-4ed0-8cc4-b038d7f1c893","ts":"2025-02-17T14:56:16.235+00:00","source":{"id":"0","name":"eventBus"}}
{"__type":"$$EventMessageWorkflow","id":"ef28764e-94c3-4530-bab6-db674b895977","ts":"2025-02-17T14:56:53.101+00:00","eventName":"n8n.workflow.failed","message":"n8n.workflow.failed","payload":{"executionId":"4","success":false,"isManual":true,"workflowId":"dajKtY8whsOFvcPI","workflowName":"My workflow"}}
{"__type":"$$EventMessageConfirm","confirm":"ef28764e-94c3-4530-bab6-db674b895977","ts":"2025-02-17T14:56:53.101+00:00","source":{"id":"0","name":"eventBus"}}
{"__type":"$$EventMessageWorkflow","id":"5834d30a-d3c7-4cf6-a492-6ad51f430379","ts":"2025-02-17T14:57:02.234+00:00","eventName":"n8n.workflow.started","message":"n8n.workflow.started","payload":{"executionId":"5","workflowId":"dajKtY8whsOFvcPI","isManual":false,"workflowName":"My workflow"}}
{"__type":"$$EventMessageConfirm","confirm":"5834d30a-d3c7-4cf6-a492-6ad51f430379","ts":"2025-02-17T14:57:02.234+00:00","source":{"id":"0","name":"eventBus"}}
{"__type":"$$EventMessageNode","id":"939ebe7c-f315-4fb1-8294-d5d79d8d5d3f","ts":"2025-02-17T14:57:02.235+00:00","eventName":"n8n.node.started","message":"n8n.node.started","payload":{"workflowId":"dajKtY8whsOFvcPI","workflowName":"My workflow","executionId":"5","nodeType":"n8n-nodes-base.localFileTrigger","nodeName":"Local File Trigger"}}
{"__type":"$$EventMessageConfirm","confirm":"939ebe7c-f315-4fb1-8294-d5d79d8d5d3f","ts":"2025-02-17T14:57:02.235+00:00","source":{"id":"0","name":"eventBus"}}
{"__type":"$$EventMessageWorkflow","id":"cf47813e-8a79-4444-9877-ad25de321a90","ts":"2025-02-17T14:57:17.442Z","eventName":"n8n.workflow.started","message":"n8n.workflow.started","payload":{"executionId":"6","workflowId":"dajKtY8whsOFvcPI","isManual":false,"workflowName":"My workflow"}}
{"__type":"$$EventMessageConfirm","confirm":"cf47813e-8a79-4444-9877-ad25de321a90","ts":"2025-02-17T14:57:17.442Z","source":{"id":"0","name":"eventBus"}}
{"__type":"$$EventMessageNode","id":"e82435f0-1fe8-4bd2-87fb-1bcd15278d60","ts":"2025-02-17T14:57:17.444Z","eventName":"n8n.node.started","message":"n8n.node.started","payload":{"workflowId":"dajKtY8whsOFvcPI","workflowName":"My workflow","executionId":"6","nodeType":"n8n-nodes-base.manualTrigger","nodeName":"When clicking ‘Test workflow’"}}
{"__type":"$$EventMessageConfirm","confirm":"e82435f0-1fe8-4bd2-87fb-1bcd15278d60","ts":"2025-02-17T14:57:17.444Z","source":{"id":"0","name":"eventBus"}}
{"__type":"$$EventMessageNode","id":"38809d40-1262-4145-9b78-30c0007bcad4","ts":"2025-02-17T14:57:17.445Z","eventName":"n8n.node.finished","message":"n8n.node.finished","payload":{"workflowId":"dajKtY8whsOFvcPI","workflowName":"My workflow","executionId":"6","nodeType":"n8n-nodes-base.manualTrigger","nodeName":"When clicking ‘Test workflow’"}}
{"__type":"$$EventMessageConfirm","confirm":"38809d40-1262-4145-9b78-30c0007bcad4","ts":"2025-02-17T14:57:17.445Z","source":{"id":"0","name":"eventBus"}}
{"__type":"$$EventMessageWorkflow","id":"b372a735-55a5-4bed-a4b2-99559526fbab","ts":"2025-02-17T14:57:17.446Z","eventName":"n8n.workflow.success","message":"n8n.workflow.success","payload":{"executionId":"6","success":true,"isManual":true,"workflowId":"dajKtY8whsOFvcPI","workflowName":"My workflow"}}
{"__type":"$$EventMessageConfirm","confirm":"b372a735-55a5-4bed-a4b2-99559526fbab","ts":"2025-02-17T14:57:17.446Z","source":{"id":"0","name":"eventBus"}}
{"__type":"$$EventMessageAudit","id":"c1590cf9-8244-4a49-8c55-aab0578c1505","ts":"2025-02-17T14:57:40.558Z","eventName":"n8n.audit.workflow.updated","message":"n8n.audit.workflow.updated","payload":{"userId":"9db78c7e-65c3-4125-9626-b6b93652505b","_email":"tcgpulls.xyz@gmail.com","_firstName":"ALEXANDRE","_lastName":"CHAMPAGNE","globalRole":"global:owner","workflowId":"dajKtY8whsOFvcPI","workflowName":"My workflow"}}
{"__type":"$$EventMessageConfirm","confirm":"c1590cf9-8244-4a49-8c55-aab0578c1505","ts":"2025-02-17T14:57:40.558Z","source":{"id":"0","name":"eventBus"}}
{"__type":"$$EventMessageWorkflow","id":"141a88c2-eb21-41b6-a95a-87d458225966","ts":"2025-02-17T14:58:00.518Z","eventName":"n8n.workflow.started","message":"n8n.workflow.started","payload":{"executionId":"7","workflowId":"dajKtY8whsOFvcPI","isManual":false,"workflowName":"My workflow"}}
{"__type":"$$EventMessageConfirm","confirm":"141a88c2-eb21-41b6-a95a-87d458225966","ts":"2025-02-17T14:58:00.519Z","source":{"id":"0","name":"eventBus"}}
{"__type":"$$EventMessageNode","id":"cef27ee4-6753-424c-bbaf-0d08d7cc81d9","ts":"2025-02-17T14:58:00.520Z","eventName":"n8n.node.started","message":"n8n.node.started","payload":{"workflowId":"dajKtY8whsOFvcPI","workflowName":"My workflow","executionId":"7","nodeType":"n8n-nodes-base.localFileTrigger","nodeName":"Local File Trigger"}}
{"__type":"$$EventMessageConfirm","confirm":"cef27ee4-6753-424c-bbaf-0d08d7cc81d9","ts":"2025-02-17T14:58:00.520Z","source":{"id":"0","name":"eventBus"}}
{"__type":"$$EventMessageNode","id":"e1f605e0-637e-42be-b74f-d716b654364e","ts":"2025-02-17T14:58:04.620Z","eventName":"n8n.node.finished","message":"n8n.node.finished","payload":{"workflowId":"dajKtY8whsOFvcPI","workflowName":"My workflow","executionId":"7","nodeType":"n8n-nodes-base.localFileTrigger","nodeName":"Local File Trigger"}}
{"__type":"$$EventMessageConfirm","confirm":"e1f605e0-637e-42be-b74f-d716b654364e","ts":"2025-02-17T14:58:04.620Z","source":{"id":"0","name":"eventBus"}}
{"__type":"$$EventMessageWorkflow","id":"2c39a9f1-1940-4f41-afda-019ae4b50a73","ts":"2025-02-17T14:58:04.635Z","eventName":"n8n.workflow.success","message":"n8n.workflow.success","payload":{"executionId":"7","success":true,"isManual":true,"workflowId":"dajKtY8whsOFvcPI","workflowName":"My workflow"}}
{"__type":"$$EventMessageConfirm","confirm":"2c39a9f1-1940-4f41-afda-019ae4b50a73","ts":"2025-02-17T14:58:04.635Z","source":{"id":"0","name":"eventBus"}}
{"__type":"$$EventMessageAudit","id":"c89456b9-c992-422c-a281-46d0ea1d5efe","ts":"2025-02-17T15:01:06.596Z","eventName":"n8n.audit.workflow.updated","message":"n8n.audit.workflow.updated","payload":{"userId":"9db78c7e-65c3-4125-9626-b6b93652505b","_email":"tcgpulls.xyz@gmail.com","_firstName":"ALEXANDRE","_lastName":"CHAMPAGNE","globalRole":"global:owner","workflowId":"dajKtY8whsOFvcPI","workflowName":"My workflow"}}
{"__type":"$$EventMessageConfirm","confirm":"c89456b9-c992-422c-a281-46d0ea1d5efe","ts":"2025-02-17T15:01:06.597Z","source":{"id":"0","name":"eventBus"}}
{"__type":"$$EventMessageWorkflow","id":"27c6a31b-3022-438c-9c8d-9f6ac6dee098","ts":"2025-02-17T15:01:41.407Z","eventName":"n8n.workflow.started","message":"n8n.workflow.started","payload":{"executionId":"8","workflowId":"dajKtY8whsOFvcPI","isManual":false,"workflowName":"My workflow"}}
{"__type":"$$EventMessageConfirm","confirm":"27c6a31b-3022-438c-9c8d-9f6ac6dee098","ts":"2025-02-17T15:01:41.408Z","source":{"id":"0","name":"eventBus"}}
{"__type":"$$EventMessageNode","id":"dbd58d9b-1ada-438c-a26c-ca47a45d43ea","ts":"2025-02-17T15:01:41.408Z","eventName":"n8n.node.started","message":"n8n.node.started","payload":{"workflowId":"dajKtY8whsOFvcPI","workflowName":"My workflow","executionId":"8","nodeType":"n8n-nodes-base.readWriteFile","nodeName":"Read/Write Files from Disk"}}
{"__type":"$$EventMessageConfirm","confirm":"dbd58d9b-1ada-438c-a26c-ca47a45d43ea","ts":"2025-02-17T15:01:41.408Z","source":{"id":"0","name":"eventBus"}}
{"__type":"$$EventMessageNode","id":"585ecc74-0041-41be-94e6-cf3259208c60","ts":"2025-02-17T15:01:41.429Z","eventName":"n8n.node.finished","message":"n8n.node.finished","payload":{"workflowId":"dajKtY8whsOFvcPI","workflowName":"My workflow","executionId":"8","nodeType":"n8n-nodes-base.readWriteFile","nodeName":"Read/Write Files from Disk"}}
{"__type":"$$EventMessageConfirm","confirm":"585ecc74-0041-41be-94e6-cf3259208c60","ts":"2025-02-17T15:01:41.429Z","source":{"id":"0","name":"eventBus"}}
{"__type":"$$EventMessageWorkflow","id":"96e59020-08c7-43f9-9239-f98b0aeeb8de","ts":"2025-02-17T15:01:41.438Z","eventName":"n8n.workflow.success","message":"n8n.workflow.success","payload":{"executionId":"8","success":true,"isManual":true,"workflowId":"dajKtY8whsOFvcPI","workflowName":"My workflow"}}
{"__type":"$$EventMessageConfirm","confirm":"96e59020-08c7-43f9-9239-f98b0aeeb8de","ts":"2025-02-17T15:01:41.438Z","source":{"id":"0","name":"eventBus"}}
{"__type":"$$EventMessageWorkflow","id":"9b870226-74a5-4fde-ad51-bb241704bec9","ts":"2025-02-17T15:01:50.154Z","eventName":"n8n.workflow.started","message":"n8n.workflow.started","payload":{"executionId":"9","workflowId":"dajKtY8whsOFvcPI","isManual":false,"workflowName":"My workflow"}}
{"__type":"$$EventMessageConfirm","confirm":"9b870226-74a5-4fde-ad51-bb241704bec9","ts":"2025-02-17T15:01:50.154Z","source":{"id":"0","name":"eventBus"}}
{"__type":"$$EventMessageNode","id":"c8666ae0-df15-4ad8-803c-f54d756bdd17","ts":"2025-02-17T15:01:50.154Z","eventName":"n8n.node.started","message":"n8n.node.started","payload":{"workflowId":"dajKtY8whsOFvcPI","workflowName":"My workflow","executionId":"9","nodeType":"n8n-nodes-base.readWriteFile","nodeName":"Read/Write Files from Disk"}}
{"__type":"$$EventMessageConfirm","confirm":"c8666ae0-df15-4ad8-803c-f54d756bdd17","ts":"2025-02-17T15:01:50.154Z","source":{"id":"0","name":"eventBus"}}
{"__type":"$$EventMessageNode","id":"b49ce4d8-e702-43b2-adcf-1b0ce6175a47","ts":"2025-02-17T15:01:50.167Z","eventName":"n8n.node.finished","message":"n8n.node.finished","payload":{"workflowId":"dajKtY8whsOFvcPI","workflowName":"My workflow","executionId":"9","nodeType":"n8n-nodes-base.readWriteFile","nodeName":"Read/Write Files from Disk"}}
{"__type":"$$EventMessageConfirm","confirm":"b49ce4d8-e702-43b2-adcf-1b0ce6175a47","ts":"2025-02-17T15:01:50.167Z","source":{"id":"0","name":"eventBus"}}
{"__type":"$$EventMessageWorkflow","id":"156c1f39-c23b-4d0a-ae8f-b676b438b161","ts":"2025-02-17T15:01:50.178Z","eventName":"n8n.workflow.success","message":"n8n.workflow.success","payload":{"executionId":"9","success":true,"isManual":true,"workflowId":"dajKtY8whsOFvcPI","workflowName":"My workflow"}}
{"__type":"$$EventMessageConfirm","confirm":"156c1f39-c23b-4d0a-ae8f-b676b438b161","ts":"2025-02-17T15:01:50.178Z","source":{"id":"0","name":"eventBus"}}
