{"__type":"$$EventMessageAudit","id":"fe958aab-9e27-4223-9ec9-a5d765cf41ef","ts":"2025-02-17T13:18:00.103+00:00","eventName":"n8n.audit.workflow.created","message":"n8n.audit.workflow.created","payload":{"userId":"9db78c7e-65c3-4125-9626-b6b93652505b","_email":"tcgpulls.xyz@gmail.com","_firstName":"ALEXANDRE","_lastName":"CHAMPAGNE","globalRole":"global:owner","workflowId":"dajKtY8whsOFvcPI","workflowName":"My workflow"}}
{"__type":"$$EventMessageConfirm","confirm":"fe958aab-9e27-4223-9ec9-a5d765cf41ef","ts":"2025-02-17T13:18:00.118+00:00","source":{"id":"0","name":"eventBus"}}
{"__type":"$$EventMessageWorkflow","id":"ea1d3313-f450-40b3-ad84-a46712298f2a","ts":"2025-02-17T13:18:42.119+00:00","eventName":"n8n.workflow.started","message":"n8n.workflow.started","payload":{"executionId":"1","workflowId":"dajKtY8whsOFvcPI","isManual":false,"workflowName":"My workflow"}}
{"__type":"$$EventMessageConfirm","confirm":"ea1d3313-f450-40b3-ad84-a46712298f2a","ts":"2025-02-17T13:18:42.119+00:00","source":{"id":"0","name":"eventBus"}}
{"__type":"$$EventMessageNode","id":"d558546b-39de-4401-a6d3-27fb3093847b","ts":"2025-02-17T13:18:42.121+00:00","eventName":"n8n.node.started","message":"n8n.node.started","payload":{"workflowId":"dajKtY8whsOFvcPI","workflowName":"My workflow","executionId":"1","nodeType":"n8n-nodes-base.localFileTrigger","nodeName":"Local File Trigger"}}
{"__type":"$$EventMessageConfirm","confirm":"d558546b-39de-4401-a6d3-27fb3093847b","ts":"2025-02-17T13:18:42.122+00:00","source":{"id":"0","name":"eventBus"}}
{"__type":"$$EventMessageNode","id":"9112ea59-b136-4de3-89b1-ef8f08f8a879","ts":"2025-02-17T13:18:55.764+00:00","eventName":"n8n.node.finished","message":"n8n.node.finished","payload":{"workflowId":"dajKtY8whsOFvcPI","workflowName":"My workflow","executionId":"1","nodeType":"n8n-nodes-base.localFileTrigger","nodeName":"Local File Trigger"}}
{"__type":"$$EventMessageConfirm","confirm":"9112ea59-b136-4de3-89b1-ef8f08f8a879","ts":"2025-02-17T13:18:55.765+00:00","source":{"id":"0","name":"eventBus"}}
{"__type":"$$EventMessageWorkflow","id":"0c572f6a-86e6-4e26-bf2e-eaa9494c8fbe","ts":"2025-02-17T13:18:55.770+00:00","eventName":"n8n.workflow.success","message":"n8n.workflow.success","payload":{"executionId":"1","success":true,"isManual":true,"workflowId":"dajKtY8whsOFvcPI","workflowName":"My workflow"}}
{"__type":"$$EventMessageConfirm","confirm":"0c572f6a-86e6-4e26-bf2e-eaa9494c8fbe","ts":"2025-02-17T13:18:55.770+00:00","source":{"id":"0","name":"eventBus"}}
{"__type":"$$EventMessageWorkflow","id":"ad4b1ddc-28d8-4622-bb74-e6b83d2158e8","ts":"2025-02-17T13:19:00.348+00:00","eventName":"n8n.workflow.started","message":"n8n.workflow.started","payload":{"executionId":"2","workflowId":"dajKtY8whsOFvcPI","isManual":false,"workflowName":"My workflow"}}
{"__type":"$$EventMessageConfirm","confirm":"ad4b1ddc-28d8-4622-bb74-e6b83d2158e8","ts":"2025-02-17T13:19:00.348+00:00","source":{"id":"0","name":"eventBus"}}
{"__type":"$$EventMessageNode","id":"4d6fe06f-7d00-4ccb-bb4d-6950f6475739","ts":"2025-02-17T13:19:00.349+00:00","eventName":"n8n.node.started","message":"n8n.node.started","payload":{"workflowId":"dajKtY8whsOFvcPI","workflowName":"My workflow","executionId":"2","nodeType":"n8n-nodes-base.localFileTrigger","nodeName":"Local File Trigger"}}
{"__type":"$$EventMessageConfirm","confirm":"4d6fe06f-7d00-4ccb-bb4d-6950f6475739","ts":"2025-02-17T13:19:00.349+00:00","source":{"id":"0","name":"eventBus"}}
{"__type":"$$EventMessageNode","id":"5cf90129-fbb8-4320-93aa-bc7c0c772905","ts":"2025-02-17T13:19:03.665+00:00","eventName":"n8n.node.finished","message":"n8n.node.finished","payload":{"workflowId":"dajKtY8whsOFvcPI","workflowName":"My workflow","executionId":"2","nodeType":"n8n-nodes-base.localFileTrigger","nodeName":"Local File Trigger"}}
{"__type":"$$EventMessageConfirm","confirm":"5cf90129-fbb8-4320-93aa-bc7c0c772905","ts":"2025-02-17T13:19:03.665+00:00","source":{"id":"0","name":"eventBus"}}
{"__type":"$$EventMessageWorkflow","id":"4c513599-2c10-4961-b772-c29284d385d9","ts":"2025-02-17T13:19:03.667+00:00","eventName":"n8n.workflow.success","message":"n8n.workflow.success","payload":{"executionId":"2","success":true,"isManual":true,"workflowId":"dajKtY8whsOFvcPI","workflowName":"My workflow"}}
{"__type":"$$EventMessageConfirm","confirm":"4c513599-2c10-4961-b772-c29284d385d9","ts":"2025-02-17T13:19:03.667+00:00","source":{"id":"0","name":"eventBus"}}
{"__type":"$$EventMessageWorkflow","id":"c8e686d5-1c5f-4934-a280-924c65ab1953","ts":"2025-02-17T13:19:14.350+00:00","eventName":"n8n.workflow.started","message":"n8n.workflow.started","payload":{"executionId":"3","workflowId":"dajKtY8whsOFvcPI","isManual":false,"workflowName":"My workflow"}}
{"__type":"$$EventMessageConfirm","confirm":"c8e686d5-1c5f-4934-a280-924c65ab1953","ts":"2025-02-17T13:19:14.350+00:00","source":{"id":"0","name":"eventBus"}}
{"__type":"$$EventMessageNode","id":"a0c790fc-6a1d-4994-a8ce-404b74872214","ts":"2025-02-17T13:19:14.351+00:00","eventName":"n8n.node.started","message":"n8n.node.started","payload":{"workflowId":"dajKtY8whsOFvcPI","workflowName":"My workflow","executionId":"3","nodeType":"n8n-nodes-base.localFileTrigger","nodeName":"Local File Trigger"}}
{"__type":"$$EventMessageConfirm","confirm":"a0c790fc-6a1d-4994-a8ce-404b74872214","ts":"2025-02-17T13:19:14.351+00:00","source":{"id":"0","name":"eventBus"}}
{"__type":"$$EventMessageNode","id":"ad271ed8-07ad-4b08-a03d-adbf89e80b76","ts":"2025-02-17T13:19:24.940+00:00","eventName":"n8n.node.finished","message":"n8n.node.finished","payload":{"workflowId":"dajKtY8whsOFvcPI","workflowName":"My workflow","executionId":"3","nodeType":"n8n-nodes-base.localFileTrigger","nodeName":"Local File Trigger"}}
{"__type":"$$EventMessageConfirm","confirm":"ad271ed8-07ad-4b08-a03d-adbf89e80b76","ts":"2025-02-17T13:19:24.941+00:00","source":{"id":"0","name":"eventBus"}}
{"__type":"$$EventMessageWorkflow","id":"ae176544-0a07-4331-9cdf-80eb9b9ca540","ts":"2025-02-17T13:19:24.942+00:00","eventName":"n8n.workflow.success","message":"n8n.workflow.success","payload":{"executionId":"3","success":true,"isManual":true,"workflowId":"dajKtY8whsOFvcPI","workflowName":"My workflow"}}
{"__type":"$$EventMessageConfirm","confirm":"ae176544-0a07-4331-9cdf-80eb9b9ca540","ts":"2025-02-17T13:19:24.943+00:00","source":{"id":"0","name":"eventBus"}}
